<?xml version="1.0" encoding="UTF-8"?>
<testsuite xmlns:xsi="http://www.w3.org/2001/XMLSchema-instance" xsi:noNamespaceSchemaLocation="https://maven.apache.org/surefire/maven-surefire-plugin/xsd/surefire-test-report-3.0.xsd" version="3.0" name="ShowtimeDaoTest" time="0.365" tests="5" errors="0" skipped="0" failures="0">
  <properties>
[...]
</properties>
  <testcase name="testAddShowtime" classname="ShowtimeDaoTest" time="0.082">
    <system-out><![CDATA[Database connection successful!
Database connection successful!
Database connection successful!
Database connection successful!
]]></system-out>
  </testcase>
  <testcase name="testUpdateShowtime" classname="ShowtimeDaoTest" time="0.083">
    <system-out><![CDATA[Database connection successful!
Database connection successful!
Updating showtime with ID: 79
Database connection successful!
Updating showtime: 79
Movie ID: 1
Theatre ID: 1
Show date: 2025-01-07
Show time: 14:30:00
Price: 20.99
Available seats: 80
Status: ACTIVE
Rows affected by update: 1
Database connection successful!
Database connection successful!
]]></system-out>
  </testcase>
  <testcase name="testGetShowtimesByMovie" classname="ShowtimeDaoTest" time="0.063">
    <system-out><![CDATA[Database connection successful!
Database connection successful!
Database connection successful!
Database connection successful!
]]></system-out>
  </testcase>
  <testcase name="testDeleteShowtime" classname="ShowtimeDaoTest" time="0.077">
    <system-out><![CDATA[Database connection successful!
Database connection successful!
Database connection successful!
Database connection successful!
Database connection successful!
]]></system-out>
  </testcase>
  <testcase name="testGetAllShowtimes" classname="ShowtimeDaoTest" time="0.055">
    <system-out><![CDATA[Database connection successful!
Database connection successful!
Database connection successful!
Database connection successful!
]]></system-out>
  </testcase>
</testsuite>